# JRE version: 7.0_25-b17
# Java VM: Java HotSpot(TM) 64-Bit Server VM (23.25-b01 mixed mode windows-amd64 compressed oops)
Heap
 PSYoungGen      total 142080K, used 18666K [0x00000000f0000000, 0x0000000100000000, 0x0000000100000000)
  eden space 131200K, 5% used [0x00000000f0000000,0x00000000f079eaa8,0x00000000f8020000)
  from space 10880K, 99% used [0x00000000f8020000,0x00000000f8abc030,0x00000000f8ac0000)
  to   space 26112K, 0% used [0x00000000fe680000,0x00000000fe680000,0x0000000100000000)
 ParOldGen       total 174784K, used 23683K [0x00000000e0000000, 0x00000000eaab0000, 0x00000000f0000000)
  object space 174784K, 13% used [0x00000000e0000000,0x00000000e1720ea8,0x00000000eaab0000)
 PSPermGen       total 21248K, used 19920K [0x00000000c0000000, 0x00000000c14c0000, 0x00000000e0000000)
  object space 21248K, 93% used [0x00000000c0000000,0x00000000c13740c8,0x00000000c14c0000)
GC Heap History (10 events):
Event: 1.850 GC heap before
{Heap before GC invocations=1 (full 0):
 PSYoungGen      total 76480K, used 65600K [0x00000000f0000000, 0x00000000f5550000, 0x0000000100000000)
  eden space 65600K, 100% used [0x00000000f0000000,0x00000000f4010000,0x00000000f4010000)
  from space 10880K, 0% used [0x00000000f4ab0000,0x00000000f4ab0000,0x00000000f5550000)
  to   space 10880K, 0% used [0x00000000f4010000,0x00000000f4010000,0x00000000f4ab0000)
 ParOldGen       total 174784K, used 0K [0x00000000e0000000, 0x00000000eaab0000, 0x00000000f0000000)
  object space 174784K, 0% used [0x00000000e0000000,0x00000000e0000000,0x00000000eaab0000)
 PSPermGen       total 21248K, used 11796K [0x00000000c0000000, 0x00000000c14c0000, 0x00000000e0000000)
  object space 21248K, 55% used [0x00000000c0000000,0x00000000c0b85308,0x00000000c14c0000)
Event: 1.864 GC heap after
Heap after GC invocations=1 (full 0):
 PSYoungGen      total 76480K, used 9763K [0x00000000f0000000, 0x00000000f5550000, 0x0000000100000000)
  eden space 65600K, 0% used [0x00000000f0000000,0x00000000f0000000,0x00000000f4010000)
  from space 10880K, 89% used [0x00000000f4010000,0x00000000f4998f10,0x00000000f4ab0000)
  to   space 10880K, 0% used [0x00000000f4ab0000,0x00000000f4ab0000,0x00000000f5550000)
 ParOldGen       total 174784K, used 8K [0x00000000e0000000, 0x00000000eaab0000, 0x00000000f0000000)
  object space 174784K, 0% used [0x00000000e0000000,0x00000000e0002000,0x00000000eaab0000)
 PSPermGen       total 21248K, used 11796K [0x00000000c0000000, 0x00000000c14c0000, 0x00000000e0000000)
  object space 21248K, 55% used [0x00000000c0000000,0x00000000c0b85308,0x00000000c14c0000)
}
Event: 3.141 GC heap before
{Heap before GC invocations=2 (full 0):
 PSYoungGen      total 76480K, used 75363K [0x00000000f0000000, 0x00000000f5550000, 0x0000000100000000)
  eden space 65600K, 100% used [0x00000000f0000000,0x00000000f4010000,0x00000000f4010000)
  from space 10880K, 89% used [0x00000000f4010000,0x00000000f4998f10,0x00000000f4ab0000)
  to   space 10880K, 0% used [0x00000000f4ab0000,0x00000000f4ab0000,0x00000000f5550000)
 ParOldGen       total 174784K, used 8K [0x00000000e0000000, 0x00000000eaab0000, 0x00000000f0000000)
  object space 174784K, 0% used [0x00000000e0000000,0x00000000e0002000,0x00000000eaab0000)
 PSPermGen       total 21248K, used 14061K [0x00000000c0000000, 0x00000000c14c0000, 0x00000000e0000000)
  object space 21248K, 66% used [0x00000000c0000000,0x00000000c0dbb460,0x00000000c14c0000)
Event: 3.160 GC heap after
Heap after GC invocations=2 (full 0):
 PSYoungGen      total 76480K, used 9663K [0x00000000f0000000, 0x00000000f9560000, 0x0000000100000000)
  eden space 65600K, 0% used [0x00000000f0000000,0x00000000f0000000,0x00000000f4010000)
  from space 10880K, 88% used [0x00000000f4ab0000,0x00000000f541ffa0,0x00000000f5550000)
  to   space 10880K, 0% used [0x00000000f4010000,0x00000000f4010000,0x00000000f4ab0000)
 ParOldGen       total 174784K, used 8K [0x00000000e0000000, 0x00000000eaab0000, 0x00000000f0000000)
  object space 174784K, 0% used [0x00000000e0000000,0x00000000e0002000,0x00000000eaab0000)
 PSPermGen       total 21248K, used 14061K [0x00000000c0000000, 0x00000000c14c0000, 0x00000000e0000000)
  object space 21248K, 66% used [0x00000000c0000000,0x00000000c0dbb460,0x00000000c14c0000)
}
Event: 3.944 GC heap before
{Heap before GC invocations=3 (full 0):
 PSYoungGen      total 76480K, used 75263K [0x00000000f0000000, 0x00000000f9560000, 0x0000000100000000)
  eden space 65600K, 100% used [0x00000000f0000000,0x00000000f4010000,0x00000000f4010000)
  from space 10880K, 88% used [0x00000000f4ab0000,0x00000000f541ffa0,0x00000000f5550000)
  to   space 10880K, 0% used [0x00000000f4010000,0x00000000f4010000,0x00000000f4ab0000)
 ParOldGen       total 174784K, used 8K [0x00000000e0000000, 0x00000000eaab0000, 0x00000000f0000000)
  object space 174784K, 0% used [0x00000000e0000000,0x00000000e0002000,0x00000000eaab0000)
 PSPermGen       total 21248K, used 14152K [0x00000000c0000000, 0x00000000c14c0000, 0x00000000e0000000)
  object space 21248K, 66% used [0x00000000c0000000,0x00000000c0dd20f0,0x00000000c14c0000)
Event: 3.971 GC heap after
Heap after GC invocations=3 (full 0):
 PSYoungGen      total 76480K, used 10856K [0x00000000f0000000, 0x00000000f9560000, 0x0000000100000000)
  eden space 65600K, 0% used [0x00000000f0000000,0x00000000f0000000,0x00000000f4010000)
  from space 10880K, 99% used [0x00000000f4010000,0x00000000f4aaa020,0x00000000f4ab0000)
  to   space 10880K, 0% used [0x00000000f8ac0000,0x00000000f8ac0000,0x00000000f9560000)
 ParOldGen       total 174784K, used 2568K [0x00000000e0000000, 0x00000000eaab0000, 0x00000000f0000000)
  object space 174784K, 1% used [0x00000000e0000000,0x00000000e0282000,0x00000000eaab0000)
 PSPermGen       total 21248K, used 14152K [0x00000000c0000000, 0x00000000c14c0000, 0x00000000e0000000)
  object space 21248K, 66% used [0x00000000c0000000,0x00000000c0dd20f0,0x00000000c14c0000)
}
Event: 5.138 GC heap before
{Heap before GC invocations=4 (full 0):
 PSYoungGen      total 76480K, used 76456K [0x00000000f0000000, 0x00000000f9560000, 0x0000000100000000)
  eden space 65600K, 100% used [0x00000000f0000000,0x00000000f4010000,0x00000000f4010000)
  from space 10880K, 99% used [0x00000000f4010000,0x00000000f4aaa020,0x00000000f4ab0000)
  to   space 10880K, 0% used [0x00000000f8ac0000,0x00000000f8ac0000,0x00000000f9560000)
 ParOldGen       total 174784K, used 2568K [0x00000000e0000000, 0x00000000eaab0000, 0x00000000f0000000)
  object space 174784K, 1% used [0x00000000e0000000,0x00000000e0282000,0x00000000eaab0000)
 PSPermGen       total 21248K, used 14520K [0x00000000c0000000, 0x00000000c14c0000, 0x00000000e0000000)
  object space 21248K, 68% used [0x00000000c0000000,0x00000000c0e2e000,0x00000000c14c0000)
Event: 5.165 GC heap after
Heap after GC invocations=4 (full 0):
 PSYoungGen      total 142080K, used 10872K [0x00000000f0000000, 0x00000000f9560000, 0x0000000100000000)
  eden space 131200K, 0% used [0x00000000f0000000,0x00000000f0000000,0x00000000f8020000)
  from space 10880K, 99% used [0x00000000f8ac0000,0x00000000f955e030,0x00000000f9560000)
  to   space 10880K, 0% used [0x00000000f8020000,0x00000000f8020000,0x00000000f8ac0000)
 ParOldGen       total 174784K, used 6647K [0x00000000e0000000, 0x00000000eaab0000, 0x00000000f0000000)
  object space 174784K, 3% used [0x00000000e0000000,0x00000000e067dd88,0x00000000eaab0000)
 PSPermGen       total 21248K, used 14520K [0x00000000c0000000, 0x00000000c14c0000, 0x00000000e0000000)
  object space 21248K, 68% used [0x00000000c0000000,0x00000000c0e2e000,0x00000000c14c0000)
}
Event: 8.006 GC heap before
{Heap before GC invocations=5 (full 0):
 PSYoungGen      total 142080K, used 142072K [0x00000000f0000000, 0x00000000f9560000, 0x0000000100000000)
  eden space 131200K, 100% used [0x00000000f0000000,0x00000000f8020000,0x00000000f8020000)
  from space 10880K, 99% used [0x00000000f8ac0000,0x00000000f955e030,0x00000000f9560000)
  to   space 10880K, 0% used [0x00000000f8020000,0x00000000f8020000,0x00000000f8ac0000)
 ParOldGen       total 174784K, used 6647K [0x00000000e0000000, 0x00000000eaab0000, 0x00000000f0000000)
  object space 174784K, 3% used [0x00000000e0000000,0x00000000e067dd88,0x00000000eaab0000)
 PSPermGen       total 21248K, used 19813K [0x00000000c0000000, 0x00000000c14c0000, 0x00000000e0000000)
  object space 21248K, 93% used [0x00000000c0000000,0x00000000c1359650,0x00000000c14c0000)
Event: 8.050 GC heap after
Heap after GC invocations=5 (full 0):
 PSYoungGen      total 142080K, used 10864K [0x00000000f0000000, 0x0000000100000000, 0x0000000100000000)
  eden space 131200K, 0% used [0x00000000f0000000,0x00000000f0000000,0x00000000f8020000)
  from space 10880K, 99% used [0x00000000f8020000,0x00000000f8abc030,0x00000000f8ac0000)
  to   space 26112K, 0% used [0x00000000fe680000,0x00000000fe680000,0x0000000100000000)
 ParOldGen       total 174784K, used 23683K [0x00000000e0000000, 0x00000000eaab0000, 0x00000000f0000000)
  object space 174784K, 13% used [0x00000000e0000000,0x00000000e1720ea8,0x00000000eaab0000)
 PSPermGen       total 21248K, used 19813K [0x00000000c0000000, 0x00000000c14c0000, 0x00000000e0000000)
  object space 21248K, 93% used [0x00000000c0000000,0x00000000c1359650,0x00000000c14c0000)
}

