# JRE version: 7.0_25-b17
# Java VM: Java HotSpot(TM) 64-Bit Server VM (23.25-b01 mixed mode windows-amd64 compressed oops)
Heap
 PSYoungGen      total 73984K, used 56392K [0x00000000eaab0000, 0x00000000efbf0000, 0x0000000100000000)
  eden space 65536K, 86% used [0x00000000eaab0000,0x00000000ee1c2288,0x00000000eeab0000)
  from space 8448K, 0% used [0x00000000ef330000,0x00000000ef330000,0x00000000efb70000)
  to   space 8704K, 0% used [0x00000000eeab0000,0x00000000eeab0000,0x00000000ef330000)
 ParOldGen       total 69312K, used 32794K [0x00000000c0000000, 0x00000000c43b0000, 0x00000000eaab0000)
  object space 69312K, 47% used [0x00000000c0000000,0x00000000c2006b08,0x00000000c43b0000)
 PSPermGen       total 21248K, used 21228K [0x00000000bae00000, 0x00000000bc2c0000, 0x00000000c0000000)
  object space 21248K, 99% used [0x00000000bae00000,0x00000000bc2bb388,0x00000000bc2c0000)
GC Heap History (10 events):
Event: 3.925 GC heap before
{Heap before GC invocations=7 (full 0):
 PSYoungGen      total 73984K, used 71819K [0x00000000eaab0000, 0x00000000efbf0000, 0x0000000100000000)
  eden space 65536K, 100% used [0x00000000eaab0000,0x00000000eeab0000,0x00000000eeab0000)
  from space 8448K, 74% used [0x00000000ef330000,0x00000000ef952ff8,0x00000000efb70000)
  to   space 8704K, 0% used [0x00000000eeab0000,0x00000000eeab0000,0x00000000ef330000)
 ParOldGen       total 43712K, used 10157K [0x00000000c0000000, 0x00000000c2ab0000, 0x00000000eaab0000)
  object space 43712K, 23% used [0x00000000c0000000,0x00000000c09eb6b0,0x00000000c2ab0000)
 PSPermGen       total 21248K, used 14870K [0x00000000bae00000, 0x00000000bc2c0000, 0x00000000c0000000)
  object space 21248K, 69% used [0x00000000bae00000,0x00000000bbc859c0,0x00000000bc2c0000)
Event: 3.952 GC heap after
Heap after GC invocations=7 (full 0):
 PSYoungGen      total 74240K, used 8704K [0x00000000eaab0000, 0x00000000efbf0000, 0x0000000100000000)
  eden space 65536K, 0% used [0x00000000eaab0000,0x00000000eaab0000,0x00000000eeab0000)
  from space 8704K, 100% used [0x00000000eeab0000,0x00000000ef330000,0x00000000ef330000)
  to   space 8448K, 0% used [0x00000000ef330000,0x00000000ef330000,0x00000000efb70000)
 ParOldGen       total 43712K, used 13157K [0x00000000c0000000, 0x00000000c2ab0000, 0x00000000eaab0000)
  object space 43712K, 30% used [0x00000000c0000000,0x00000000c0cd9520,0x00000000c2ab0000)
 PSPermGen       total 21248K, used 14870K [0x00000000bae00000, 0x00000000bc2c0000, 0x00000000c0000000)
  object space 21248K, 69% used [0x00000000bae00000,0x00000000bbc859c0,0x00000000bc2c0000)
}
Event: 4.742 GC heap before
{Heap before GC invocations=8 (full 0):
 PSYoungGen      total 74240K, used 74240K [0x00000000eaab0000, 0x00000000efbf0000, 0x0000000100000000)
  eden space 65536K, 100% used [0x00000000eaab0000,0x00000000eeab0000,0x00000000eeab0000)
  from space 8704K, 100% used [0x00000000eeab0000,0x00000000ef330000,0x00000000ef330000)
  to   space 8448K, 0% used [0x00000000ef330000,0x00000000ef330000,0x00000000efb70000)
 ParOldGen       total 43712K, used 13157K [0x00000000c0000000, 0x00000000c2ab0000, 0x00000000eaab0000)
  object space 43712K, 30% used [0x00000000c0000000,0x00000000c0cd9520,0x00000000c2ab0000)
 PSPermGen       total 21248K, used 14918K [0x00000000bae00000, 0x00000000bc2c0000, 0x00000000c0000000)
  object space 21248K, 70% used [0x00000000bae00000,0x00000000bbc91ac8,0x00000000bc2c0000)
Event: 4.768 GC heap after
Heap after GC invocations=8 (full 0):
 PSYoungGen      total 73984K, used 8448K [0x00000000eaab0000, 0x00000000efbf0000, 0x0000000100000000)
  eden space 65536K, 0% used [0x00000000eaab0000,0x00000000eaab0000,0x00000000eeab0000)
  from space 8448K, 100% used [0x00000000ef330000,0x00000000efb70000,0x00000000efb70000)
  to   space 8704K, 0% used [0x00000000eeab0000,0x00000000eeab0000,0x00000000ef330000)
 ParOldGen       total 43712K, used 18025K [0x00000000c0000000, 0x00000000c2ab0000, 0x00000000eaab0000)
  object space 43712K, 41% used [0x00000000c0000000,0x00000000c119a6e0,0x00000000c2ab0000)
 PSPermGen       total 21248K, used 14918K [0x00000000bae00000, 0x00000000bc2c0000, 0x00000000c0000000)
  object space 21248K, 70% used [0x00000000bae00000,0x00000000bbc91ac8,0x00000000bc2c0000)
}
Event: 5.929 GC heap before
{Heap before GC invocations=9 (full 0):
 PSYoungGen      total 73984K, used 73984K [0x00000000eaab0000, 0x00000000efbf0000, 0x0000000100000000)
  eden space 65536K, 100% used [0x00000000eaab0000,0x00000000eeab0000,0x00000000eeab0000)
  from space 8448K, 100% used [0x00000000ef330000,0x00000000efb70000,0x00000000efb70000)
  to   space 8704K, 0% used [0x00000000eeab0000,0x00000000eeab0000,0x00000000ef330000)
 ParOldGen       total 43712K, used 18025K [0x00000000c0000000, 0x00000000c2ab0000, 0x00000000eaab0000)
  object space 43712K, 41% used [0x00000000c0000000,0x00000000c119a6e0,0x00000000c2ab0000)
 PSPermGen       total 21248K, used 15333K [0x00000000bae00000, 0x00000000bc2c0000, 0x00000000c0000000)
  object space 21248K, 72% used [0x00000000bae00000,0x00000000bbcf9438,0x00000000bc2c0000)
Event: 5.955 GC heap after
Heap after GC invocations=9 (full 0):
 PSYoungGen      total 74240K, used 8704K [0x00000000eaab0000, 0x00000000efbf0000, 0x0000000100000000)
  eden space 65536K, 0% used [0x00000000eaab0000,0x00000000eaab0000,0x00000000eeab0000)
  from space 8704K, 100% used [0x00000000eeab0000,0x00000000ef330000,0x00000000ef330000)
  to   space 8448K, 0% used [0x00000000ef330000,0x00000000ef330000,0x00000000efb70000)
 ParOldGen       total 43712K, used 21903K [0x00000000c0000000, 0x00000000c2ab0000, 0x00000000eaab0000)
  object space 43712K, 50% used [0x00000000c0000000,0x00000000c1563fe8,0x00000000c2ab0000)
 PSPermGen       total 21248K, used 15333K [0x00000000bae00000, 0x00000000bc2c0000, 0x00000000c0000000)
  object space 21248K, 72% used [0x00000000bae00000,0x00000000bbcf9438,0x00000000bc2c0000)
}
Event: 7.356 GC heap before
{Heap before GC invocations=10 (full 0):
 PSYoungGen      total 74240K, used 74240K [0x00000000eaab0000, 0x00000000efbf0000, 0x0000000100000000)
  eden space 65536K, 100% used [0x00000000eaab0000,0x00000000eeab0000,0x00000000eeab0000)
  from space 8704K, 100% used [0x00000000eeab0000,0x00000000ef330000,0x00000000ef330000)
  to   space 8448K, 0% used [0x00000000ef330000,0x00000000ef330000,0x00000000efb70000)
 ParOldGen       total 43712K, used 21903K [0x00000000c0000000, 0x00000000c2ab0000, 0x00000000eaab0000)
  object space 43712K, 50% used [0x00000000c0000000,0x00000000c1563fe8,0x00000000c2ab0000)
 PSPermGen       total 21248K, used 19251K [0x00000000bae00000, 0x00000000bc2c0000, 0x00000000c0000000)
  object space 21248K, 90% used [0x00000000bae00000,0x00000000bc0ccea0,0x00000000bc2c0000)
Event: 7.389 GC heap after
Heap after GC invocations=10 (full 0):
 PSYoungGen      total 73984K, used 8437K [0x00000000eaab0000, 0x00000000efbf0000, 0x0000000100000000)
  eden space 65536K, 0% used [0x00000000eaab0000,0x00000000eaab0000,0x00000000eeab0000)
  from space 8448K, 99% used [0x00000000ef330000,0x00000000efb6d748,0x00000000efb70000)
  to   space 8704K, 0% used [0x00000000eeab0000,0x00000000eeab0000,0x00000000ef330000)
 ParOldGen       total 43712K, used 35948K [0x00000000c0000000, 0x00000000c2ab0000, 0x00000000eaab0000)
  object space 43712K, 82% used [0x00000000c0000000,0x00000000c231b2c8,0x00000000c2ab0000)
 PSPermGen       total 21248K, used 19251K [0x00000000bae00000, 0x00000000bc2c0000, 0x00000000c0000000)
  object space 21248K, 90% used [0x00000000bae00000,0x00000000bc0ccea0,0x00000000bc2c0000)
}
Event: 7.389 GC heap before
{Heap before GC invocations=11 (full 1):
 PSYoungGen      total 73984K, used 8437K [0x00000000eaab0000, 0x00000000efbf0000, 0x0000000100000000)
  eden space 65536K, 0% used [0x00000000eaab0000,0x00000000eaab0000,0x00000000eeab0000)
  from space 8448K, 99% used [0x00000000ef330000,0x00000000efb6d748,0x00000000efb70000)
  to   space 8704K, 0% used [0x00000000eeab0000,0x00000000eeab0000,0x00000000ef330000)
 ParOldGen       total 43712K, used 35948K [0x00000000c0000000, 0x00000000c2ab0000, 0x00000000eaab0000)
  object space 43712K, 82% used [0x00000000c0000000,0x00000000c231b2c8,0x00000000c2ab0000)
 PSPermGen       total 21248K, used 19251K [0x00000000bae00000, 0x00000000bc2c0000, 0x00000000c0000000)
  object space 21248K, 90% used [0x00000000bae00000,0x00000000bc0ccea0,0x00000000bc2c0000)
Event: 7.652 GC heap after
Heap after GC invocations=11 (full 1):
 PSYoungGen      total 73984K, used 0K [0x00000000eaab0000, 0x00000000efbf0000, 0x0000000100000000)
  eden space 65536K, 0% used [0x00000000eaab0000,0x00000000eaab0000,0x00000000eeab0000)
  from space 8448K, 0% used [0x00000000ef330000,0x00000000ef330000,0x00000000efb70000)
  to   space 8704K, 0% used [0x00000000eeab0000,0x00000000eeab0000,0x00000000ef330000)
 ParOldGen       total 69312K, used 32794K [0x00000000c0000000, 0x00000000c43b0000, 0x00000000eaab0000)
  object space 69312K, 47% used [0x00000000c0000000,0x00000000c2006b08,0x00000000c43b0000)
 PSPermGen       total 21248K, used 19241K [0x00000000bae00000, 0x00000000bc2c0000, 0x00000000c0000000)
  object space 21248K, 90% used [0x00000000bae00000,0x00000000bc0ca6a8,0x00000000bc2c0000)
}

